 KPT            1  SPIN            1  KWEIGHT    7.4074074074074070E-002
     1   -17.570  2.00000
     2   -17.336  2.00000
     3   -17.336  2.00000
     4   -17.336  2.00000
     5    -6.532  2.00000
     6    -6.532  2.00000
     7    -6.532  2.00000
     8    -5.852  2.00000
     9    -5.852  2.00000
    10    -5.852  2.00000
    11    -5.639  2.00000
    12    -5.639  2.00000
    13    -5.639  2.00000
    14    -5.564  2.00000
    15    -5.175  2.00000
    16    -5.175  2.00000
    17    -0.058  0.00000
    18    -0.058  0.00000
    19    -0.058  0.00000
    20     0.203  0.00000
    21     2.876  0.00000
    22     2.876  0.00000
    23     2.876  0.00000
    24     3.413  0.00000
    25     3.664  0.00000
    26     3.664  0.00000
    27     3.733  0.00000
    28     3.733  0.00000
    29     3.733  0.00000
    30     3.976  0.00000
    31     3.976  0.00000
    32     3.976  0.00000
    33     3.995  0.00000
    34     3.995  0.00000
    35     3.995  0.00000
    36     4.558  0.00000
    37     4.558  0.00000
    38     4.837  0.00000
    39     4.837  0.00000
    40     4.837  0.00000
    41     4.946  0.00000
    42     4.984  0.00000
    43     4.984  0.00000
    44     4.984  0.00000
    45     5.426  0.00000
    46     5.426  0.00000
    47     5.426  0.00000
    48     5.629  0.00000
    49     5.629  0.00000
    50     5.779  0.00000
    51     5.779  0.00000
    52     5.779  0.00000

 KPT            2  SPIN            1  KWEIGHT    7.4074074074074070E-002
     1   -17.468  2.00000
     2   -17.468  2.00000
     3   -17.344  2.00000
     4   -17.344  2.00000
     5    -6.428  2.00000
     6    -6.428  2.00000
     7    -6.129  2.00000
     8    -6.129  2.00000
     9    -6.015  2.00000
    10    -6.015  2.00000
    11    -5.527  2.00000
    12    -5.527  2.00000
    13    -5.402  2.00000
    14    -5.402  2.00000
    15    -5.369  2.00000
    16    -5.369  2.00000
    17     0.447  0.00000
    18     0.447  0.00000
    19     0.587  0.00000
    20     0.587  0.00000
    21     2.608  0.00000
    22     2.608  0.00000
    23     2.692  0.00000
    24     2.692  0.00000
    25     3.202  0.00000
    26     3.202  0.00000
    27     3.398  0.00000
    28     3.398  0.00000
    29     3.407  0.00000
    30     3.407  0.00000
    31     3.607  0.00000
    32     3.607  0.00000
    33     4.214  0.00000
    34     4.214  0.00000
    35     4.337  0.00000
    36     4.337  0.00000
    37     4.842  0.00000
    38     4.842  0.00000
    39     5.125  0.00000
    40     5.125  0.00000
    41     5.146  0.00000
    42     5.146  0.00000
    43     5.518  0.00000
    44     5.518  0.00000
    45     5.547  0.00000
    46     5.547  0.00000
    47     5.611  0.00000
    48     5.611  0.00000
    49     5.670  0.00000
    50     5.670  0.00000
    51     5.883  0.00000
    52     5.883  0.00000

 KPT            3  SPIN            1  KWEIGHT    7.4074074074074070E-002
     1   -17.570  2.00000
     2   -17.336  2.00000
     3   -17.336  2.00000
     4   -17.336  2.00000
     5    -6.532  2.00000
     6    -6.532  2.00000
     7    -6.532  2.00000
     8    -5.852  2.00000
     9    -5.852  2.00000
    10    -5.852  2.00000
    11    -5.639  2.00000
    12    -5.639  2.00000
    13    -5.639  2.00000
    14    -5.564  2.00000
    15    -5.175  2.00000
    16    -5.175  2.00000
    17    -0.058  0.00000
    18    -0.058  0.00000
    19    -0.058  0.00000
    20     0.203  0.00000
    21     2.876  0.00000
    22     2.876  0.00000
    23     2.876  0.00000
    24     3.413  0.00000
    25     3.664  0.00000
    26     3.664  0.00000
    27     3.733  0.00000
    28     3.733  0.00000
    29     3.733  0.00000
    30     3.976  0.00000
    31     3.976  0.00000
    32     3.976  0.00000
    33     3.995  0.00000
    34     3.995  0.00000
    35     3.995  0.00000
    36     4.558  0.00000
    37     4.558  0.00000
    38     4.837  0.00000
    39     4.837  0.00000
    40     4.837  0.00000
    41     4.946  0.00000
    42     4.984  0.00000
    43     4.984  0.00000
    44     4.984  0.00000
    45     5.426  0.00000
    46     5.426  0.00000
    47     5.426  0.00000
    48     5.629  0.00000
    49     5.629  0.00000
    50     5.779  0.00000
    51     5.779  0.00000
    52     5.779  0.00000

 KPT            4  SPIN            1  KWEIGHT    7.4074074074074070E-002
     1   -17.468  2.00000
     2   -17.468  2.00000
     3   -17.344  2.00000
     4   -17.344  2.00000
     5    -6.428  2.00000
     6    -6.428  2.00000
     7    -6.129  2.00000
     8    -6.129  2.00000
     9    -6.015  2.00000
    10    -6.015  2.00000
    11    -5.527  2.00000
    12    -5.527  2.00000
    13    -5.402  2.00000
    14    -5.402  2.00000
    15    -5.369  2.00000
    16    -5.369  2.00000
    17     0.447  0.00000
    18     0.447  0.00000
    19     0.587  0.00000
    20     0.587  0.00000
    21     2.608  0.00000
    22     2.608  0.00000
    23     2.692  0.00000
    24     2.692  0.00000
    25     3.202  0.00000
    26     3.202  0.00000
    27     3.398  0.00000
    28     3.398  0.00000
    29     3.407  0.00000
    30     3.407  0.00000
    31     3.607  0.00000
    32     3.607  0.00000
    33     4.214  0.00000
    34     4.214  0.00000
    35     4.337  0.00000
    36     4.337  0.00000
    37     4.842  0.00000
    38     4.842  0.00000
    39     5.125  0.00000
    40     5.125  0.00000
    41     5.146  0.00000
    42     5.146  0.00000
    43     5.518  0.00000
    44     5.518  0.00000
    45     5.547  0.00000
    46     5.547  0.00000
    47     5.611  0.00000
    48     5.611  0.00000
    49     5.670  0.00000
    50     5.670  0.00000
    51     5.883  0.00000
    52     5.883  0.00000

 KPT            5  SPIN            1  KWEIGHT    7.4074074074074070E-002
     1   -17.412  2.00000
     2   -17.412  2.00000
     3   -17.412  2.00000
     4   -17.412  2.00000
     5    -6.435  2.00000
     6    -6.435  2.00000
     7    -6.435  2.00000
     8    -6.435  2.00000
     9    -5.633  2.00000
    10    -5.633  2.00000
    11    -5.633  2.00000
    12    -5.633  2.00000
    13    -5.197  2.00000
    14    -5.197  2.00000
    15    -5.197  2.00000
    16    -5.197  2.00000
    17     0.990  0.00000
    18     0.990  0.00000
    19     0.990  0.00000
    20     0.990  0.00000
    21     2.166  0.00000
    22     2.166  0.00000
    23     2.166  0.00000
    24     2.166  0.00000
    25     2.846  0.00000
    26     2.846  0.00000
    27     2.846  0.00000
    28     2.846  0.00000
    29     3.226  0.00000
    30     3.226  0.00000
    31     3.226  0.00000
    32     3.226  0.00000
    33     4.753  0.00000
    34     4.753  0.00000
    35     4.753  0.00000
    36     4.753  0.00000
    37     4.758  0.00000
    38     4.758  0.00000
    39     4.758  0.00000
    40     4.758  0.00000
    41     5.276  0.00000
    42     5.276  0.00000
    43     5.276  0.00000
    44     5.276  0.00000
    45     5.752  0.00000
    46     5.752  0.00000
    47     5.752  0.00000
    48     5.752  0.00000
    49     6.125  0.00000
    50     6.125  0.00000
    51     6.125  0.00000
    52     6.125  0.00000

 KPT            6  SPIN            1  KWEIGHT    7.4074074074074070E-002
     1   -17.468  2.00000
     2   -17.468  2.00000
     3   -17.344  2.00000
     4   -17.344  2.00000
     5    -6.428  2.00000
     6    -6.428  2.00000
     7    -6.129  2.00000
     8    -6.129  2.00000
     9    -6.015  2.00000
    10    -6.015  2.00000
    11    -5.527  2.00000
    12    -5.527  2.00000
    13    -5.402  2.00000
    14    -5.402  2.00000
    15    -5.369  2.00000
    16    -5.369  2.00000
    17     0.447  0.00000
    18     0.447  0.00000
    19     0.587  0.00000
    20     0.587  0.00000
    21     2.608  0.00000
    22     2.608  0.00000
    23     2.692  0.00000
    24     2.692  0.00000
    25     3.202  0.00000
    26     3.202  0.00000
    27     3.398  0.00000
    28     3.398  0.00000
    29     3.407  0.00000
    30     3.407  0.00000
    31     3.607  0.00000
    32     3.607  0.00000
    33     4.214  0.00000
    34     4.214  0.00000
    35     4.337  0.00000
    36     4.337  0.00000
    37     4.842  0.00000
    38     4.842  0.00000
    39     5.125  0.00000
    40     5.125  0.00000
    41     5.146  0.00000
    42     5.146  0.00000
    43     5.518  0.00000
    44     5.518  0.00000
    45     5.547  0.00000
    46     5.547  0.00000
    47     5.611  0.00000
    48     5.611  0.00000
    49     5.670  0.00000
    50     5.670  0.00000
    51     5.883  0.00000
    52     5.883  0.00000

 KPT            7  SPIN            1  KWEIGHT    7.4074074074074070E-002
     1   -17.570  2.00000
     2   -17.336  2.00000
     3   -17.336  2.00000
     4   -17.336  2.00000
     5    -6.532  2.00000
     6    -6.532  2.00000
     7    -6.532  2.00000
     8    -5.852  2.00000
     9    -5.852  2.00000
    10    -5.852  2.00000
    11    -5.639  2.00000
    12    -5.639  2.00000
    13    -5.639  2.00000
    14    -5.564  2.00000
    15    -5.175  2.00000
    16    -5.175  2.00000
    17    -0.058  0.00000
    18    -0.058  0.00000
    19    -0.058  0.00000
    20     0.203  0.00000
    21     2.876  0.00000
    22     2.876  0.00000
    23     2.876  0.00000
    24     3.413  0.00000
    25     3.664  0.00000
    26     3.664  0.00000
    27     3.733  0.00000
    28     3.733  0.00000
    29     3.733  0.00000
    30     3.976  0.00000
    31     3.976  0.00000
    32     3.976  0.00000
    33     3.995  0.00000
    34     3.995  0.00000
    35     3.995  0.00000
    36     4.558  0.00000
    37     4.558  0.00000
    38     4.837  0.00000
    39     4.837  0.00000
    40     4.837  0.00000
    41     4.946  0.00000
    42     4.984  0.00000
    43     4.984  0.00000
    44     4.984  0.00000
    45     5.426  0.00000
    46     5.426  0.00000
    47     5.426  0.00000
    48     5.629  0.00000
    49     5.629  0.00000
    50     5.779  0.00000
    51     5.779  0.00000
    52     5.779  0.00000

 KPT            8  SPIN            1  KWEIGHT    7.4074074074074070E-002
     1   -17.468  2.00000
     2   -17.468  2.00000
     3   -17.344  2.00000
     4   -17.344  2.00000
     5    -6.428  2.00000
     6    -6.428  2.00000
     7    -6.129  2.00000
     8    -6.129  2.00000
     9    -6.015  2.00000
    10    -6.015  2.00000
    11    -5.527  2.00000
    12    -5.527  2.00000
    13    -5.402  2.00000
    14    -5.402  2.00000
    15    -5.369  2.00000
    16    -5.369  2.00000
    17     0.447  0.00000
    18     0.447  0.00000
    19     0.587  0.00000
    20     0.587  0.00000
    21     2.608  0.00000
    22     2.608  0.00000
    23     2.692  0.00000
    24     2.692  0.00000
    25     3.202  0.00000
    26     3.202  0.00000
    27     3.398  0.00000
    28     3.398  0.00000
    29     3.407  0.00000
    30     3.407  0.00000
    31     3.607  0.00000
    32     3.607  0.00000
    33     4.214  0.00000
    34     4.214  0.00000
    35     4.337  0.00000
    36     4.337  0.00000
    37     4.842  0.00000
    38     4.842  0.00000
    39     5.125  0.00000
    40     5.125  0.00000
    41     5.146  0.00000
    42     5.146  0.00000
    43     5.518  0.00000
    44     5.518  0.00000
    45     5.547  0.00000
    46     5.547  0.00000
    47     5.611  0.00000
    48     5.611  0.00000
    49     5.670  0.00000
    50     5.670  0.00000
    51     5.883  0.00000
    52     5.883  0.00000

 KPT            9  SPIN            1  KWEIGHT    7.4074074074074070E-002
     1   -17.570  2.00000
     2   -17.336  2.00000
     3   -17.336  2.00000
     4   -17.336  2.00000
     5    -6.532  2.00000
     6    -6.532  2.00000
     7    -6.532  2.00000
     8    -5.852  2.00000
     9    -5.852  2.00000
    10    -5.852  2.00000
    11    -5.639  2.00000
    12    -5.639  2.00000
    13    -5.639  2.00000
    14    -5.564  2.00000
    15    -5.175  2.00000
    16    -5.175  2.00000
    17    -0.058  0.00000
    18    -0.058  0.00000
    19    -0.058  0.00000
    20     0.203  0.00000
    21     2.876  0.00000
    22     2.876  0.00000
    23     2.876  0.00000
    24     3.413  0.00000
    25     3.664  0.00000
    26     3.664  0.00000
    27     3.733  0.00000
    28     3.733  0.00000
    29     3.733  0.00000
    30     3.976  0.00000
    31     3.976  0.00000
    32     3.976  0.00000
    33     3.995  0.00000
    34     3.995  0.00000
    35     3.995  0.00000
    36     4.558  0.00000
    37     4.558  0.00000
    38     4.837  0.00000
    39     4.837  0.00000
    40     4.837  0.00000
    41     4.946  0.00000
    42     4.984  0.00000
    43     4.984  0.00000
    44     4.984  0.00000
    45     5.426  0.00000
    46     5.426  0.00000
    47     5.426  0.00000
    48     5.629  0.00000
    49     5.629  0.00000
    50     5.779  0.00000
    51     5.779  0.00000
    52     5.779  0.00000

 KPT           10  SPIN            1  KWEIGHT    7.4074074074074070E-002
     1   -17.468  2.00000
     2   -17.468  2.00000
     3   -17.344  2.00000
     4   -17.344  2.00000
     5    -6.428  2.00000
     6    -6.428  2.00000
     7    -6.129  2.00000
     8    -6.129  2.00000
     9    -6.015  2.00000
    10    -6.015  2.00000
    11    -5.527  2.00000
    12    -5.527  2.00000
    13    -5.402  2.00000
    14    -5.402  2.00000
    15    -5.369  2.00000
    16    -5.369  2.00000
    17     0.447  0.00000
    18     0.447  0.00000
    19     0.587  0.00000
    20     0.587  0.00000
    21     2.608  0.00000
    22     2.608  0.00000
    23     2.692  0.00000
    24     2.692  0.00000
    25     3.202  0.00000
    26     3.202  0.00000
    27     3.398  0.00000
    28     3.398  0.00000
    29     3.407  0.00000
    30     3.407  0.00000
    31     3.607  0.00000
    32     3.607  0.00000
    33     4.214  0.00000
    34     4.214  0.00000
    35     4.337  0.00000
    36     4.337  0.00000
    37     4.842  0.00000
    38     4.842  0.00000
    39     5.125  0.00000
    40     5.125  0.00000
    41     5.146  0.00000
    42     5.146  0.00000
    43     5.518  0.00000
    44     5.518  0.00000
    45     5.547  0.00000
    46     5.547  0.00000
    47     5.611  0.00000
    48     5.611  0.00000
    49     5.670  0.00000
    50     5.670  0.00000
    51     5.883  0.00000
    52     5.883  0.00000

 KPT           11  SPIN            1  KWEIGHT    7.4074074074074070E-002
     1   -17.412  2.00000
     2   -17.412  2.00000
     3   -17.412  2.00000
     4   -17.412  2.00000
     5    -6.435  2.00000
     6    -6.435  2.00000
     7    -6.435  2.00000
     8    -6.435  2.00000
     9    -5.633  2.00000
    10    -5.633  2.00000
    11    -5.633  2.00000
    12    -5.633  2.00000
    13    -5.197  2.00000
    14    -5.197  2.00000
    15    -5.197  2.00000
    16    -5.197  2.00000
    17     0.990  0.00000
    18     0.990  0.00000
    19     0.990  0.00000
    20     0.990  0.00000
    21     2.166  0.00000
    22     2.166  0.00000
    23     2.166  0.00000
    24     2.166  0.00000
    25     2.846  0.00000
    26     2.846  0.00000
    27     2.846  0.00000
    28     2.846  0.00000
    29     3.226  0.00000
    30     3.226  0.00000
    31     3.226  0.00000
    32     3.226  0.00000
    33     4.753  0.00000
    34     4.753  0.00000
    35     4.753  0.00000
    36     4.753  0.00000
    37     4.758  0.00000
    38     4.758  0.00000
    39     4.758  0.00000
    40     4.758  0.00000
    41     5.276  0.00000
    42     5.276  0.00000
    43     5.276  0.00000
    44     5.276  0.00000
    45     5.752  0.00000
    46     5.752  0.00000
    47     5.752  0.00000
    48     5.752  0.00000
    49     6.125  0.00000
    50     6.125  0.00000
    51     6.125  0.00000
    52     6.125  0.00000

 KPT           12  SPIN            1  KWEIGHT    7.4074074074074070E-002
     1   -17.468  2.00000
     2   -17.468  2.00000
     3   -17.344  2.00000
     4   -17.344  2.00000
     5    -6.428  2.00000
     6    -6.428  2.00000
     7    -6.129  2.00000
     8    -6.129  2.00000
     9    -6.015  2.00000
    10    -6.015  2.00000
    11    -5.527  2.00000
    12    -5.527  2.00000
    13    -5.402  2.00000
    14    -5.402  2.00000
    15    -5.369  2.00000
    16    -5.369  2.00000
    17     0.447  0.00000
    18     0.447  0.00000
    19     0.587  0.00000
    20     0.587  0.00000
    21     2.608  0.00000
    22     2.608  0.00000
    23     2.692  0.00000
    24     2.692  0.00000
    25     3.202  0.00000
    26     3.202  0.00000
    27     3.398  0.00000
    28     3.398  0.00000
    29     3.407  0.00000
    30     3.407  0.00000
    31     3.607  0.00000
    32     3.607  0.00000
    33     4.214  0.00000
    34     4.214  0.00000
    35     4.337  0.00000
    36     4.337  0.00000
    37     4.842  0.00000
    38     4.842  0.00000
    39     5.125  0.00000
    40     5.125  0.00000
    41     5.146  0.00000
    42     5.146  0.00000
    43     5.518  0.00000
    44     5.518  0.00000
    45     5.547  0.00000
    46     5.547  0.00000
    47     5.611  0.00000
    48     5.611  0.00000
    49     5.670  0.00000
    50     5.670  0.00000
    51     5.883  0.00000
    52     5.883  0.00000

 KPT           13  SPIN            1  KWEIGHT    7.4074074074074070E-002
     1   -17.412  2.00000
     2   -17.412  2.00000
     3   -17.412  2.00000
     4   -17.412  2.00000
     5    -6.435  2.00000
     6    -6.435  2.00000
     7    -6.435  2.00000
     8    -6.435  2.00000
     9    -5.633  2.00000
    10    -5.633  2.00000
    11    -5.633  2.00000
    12    -5.633  2.00000
    13    -5.197  2.00000
    14    -5.197  2.00000
    15    -5.197  2.00000
    16    -5.197  2.00000
    17     0.990  0.00000
    18     0.990  0.00000
    19     0.990  0.00000
    20     0.990  0.00000
    21     2.166  0.00000
    22     2.166  0.00000
    23     2.166  0.00000
    24     2.166  0.00000
    25     2.846  0.00000
    26     2.846  0.00000
    27     2.846  0.00000
    28     2.846  0.00000
    29     3.226  0.00000
    30     3.226  0.00000
    31     3.226  0.00000
    32     3.226  0.00000
    33     4.753  0.00000
    34     4.753  0.00000
    35     4.753  0.00000
    36     4.753  0.00000
    37     4.758  0.00000
    38     4.758  0.00000
    39     4.758  0.00000
    40     4.758  0.00000
    41     5.276  0.00000
    42     5.276  0.00000
    43     5.276  0.00000
    44     5.276  0.00000
    45     5.752  0.00000
    46     5.752  0.00000
    47     5.752  0.00000
    48     5.752  0.00000
    49     6.125  0.00000
    50     6.125  0.00000
    51     6.125  0.00000
    52     6.125  0.00000

 KPT           14  SPIN            1  KWEIGHT    3.7037037037037035E-002
     1   -17.415  2.00000
     2   -17.415  2.00000
     3   -17.415  2.00000
     4   -17.415  2.00000
     5    -6.653  2.00000
     6    -6.653  2.00000
     7    -6.653  2.00000
     8    -6.653  2.00000
     9    -5.174  2.00000
    10    -5.174  2.00000
    11    -5.174  2.00000
    12    -5.174  2.00000
    13    -5.174  2.00000
    14    -5.174  2.00000
    15    -5.174  2.00000
    16    -5.174  2.00000
    17     1.442  0.00000
    18     1.442  0.00000
    19     1.442  0.00000
    20     1.442  0.00000
    21     1.654  0.00000
    22     1.654  0.00000
    23     1.654  0.00000
    24     1.654  0.00000
    25     2.657  0.00000
    26     2.657  0.00000
    27     2.657  0.00000
    28     2.657  0.00000
    29     2.657  0.00000
    30     2.657  0.00000
    31     2.657  0.00000
    32     2.657  0.00000
    33     4.746  0.00000
    34     4.746  0.00000
    35     4.746  0.00000
    36     4.746  0.00000
    37     4.746  0.00000
    38     4.746  0.00000
    39     4.746  0.00000
    40     4.746  0.00000
    41     5.757  0.00000
    42     5.757  0.00000
    43     5.757  0.00000
    44     5.757  0.00000
    45     5.757  0.00000
    46     5.757  0.00000
    47     5.757  0.00000
    48     5.757  0.00000
    49     6.380  0.00000
    50     6.380  0.00000
    51     6.380  0.00000
    52     6.380  0.00000

