 KPT            1  SPIN            1  KWEIGHT    7.4074074074074070E-002
     1   -12.427  2.00000
     2   -12.288  2.00000
     3    -5.863  2.00000
     4    -5.544  2.00000
     5    -5.422  2.00000
     6    -4.848  2.00000
     7    -4.508  2.00000
     8    -4.501  2.00000
     9    -2.077  0.00000
    10    -1.207  0.00000
    11    -1.068  0.00000
    12    -0.660  0.00000
    13    -0.367  0.00000
    14    -0.286  0.00000
    15     0.167  0.00000
    16     0.403  0.00000
    17     1.013  0.00000
    18     1.404  0.00000
    19     1.435  0.00000
    20     1.563  0.00000
    21     2.280  0.00000
    22     2.408  0.00000
    23     2.962  0.00000
    24     3.401  0.00000
    25     3.576  0.00000
    26     3.671  0.00000
    27     4.451  0.00000
    28     4.605  0.00000
    29     4.632  0.00000
    30     5.183  0.00000
    31     5.414  0.00000
    32     5.757  0.00000
    33    17.749  0.00000
    34    18.071  0.00000
    35    20.356  0.00000
    36    20.665  0.00000
    37    20.901  0.00000
    38    21.371  0.00000
    39    21.925  0.00000
    40    22.456  0.00000
    41    22.605  0.00000
    42    24.890  0.00000

 KPT            2  SPIN            1  KWEIGHT    7.4074074074074070E-002
     1   -12.363  2.00000
     2   -12.363  2.00000
     3    -5.776  2.00000
     4    -5.776  2.00000
     5    -4.930  2.00000
     6    -4.930  2.00000
     7    -4.671  2.00000
     8    -4.671  2.00000
     9    -1.545  0.00000
    10    -1.545  0.00000
    11    -0.995  0.00000
    12    -0.995  0.00000
    13    -0.214  0.00000
    14    -0.214  0.00000
    15     0.176  0.00000
    16     0.176  0.00000
    17     1.437  0.00000
    18     1.437  0.00000
    19     1.586  0.00000
    20     1.586  0.00000
    21     2.412  0.00000
    22     2.412  0.00000
    23     3.008  0.00000
    24     3.008  0.00000
    25     3.557  0.00000
    26     3.557  0.00000
    27     4.537  0.00000
    28     4.537  0.00000
    29     4.817  0.00000
    30     4.817  0.00000
    31     5.304  0.00000
    32     5.304  0.00000
    33    18.653  0.00000
    34    18.653  0.00000
    35    19.477  0.00000
    36    19.477  0.00000
    37    21.800  0.00000
    38    21.800  0.00000
    39    22.251  0.00000
    40    22.251  0.00000
    41    24.231  0.00000
    42    24.231  0.00000

 KPT            3  SPIN            1  KWEIGHT    7.4074074074074070E-002
     1   -12.427  2.00000
     2   -12.288  2.00000
     3    -5.863  2.00000
     4    -5.544  2.00000
     5    -5.422  2.00000
     6    -4.848  2.00000
     7    -4.508  2.00000
     8    -4.501  2.00000
     9    -2.077  0.00000
    10    -1.207  0.00000
    11    -1.068  0.00000
    12    -0.660  0.00000
    13    -0.367  0.00000
    14    -0.286  0.00000
    15     0.167  0.00000
    16     0.403  0.00000
    17     1.013  0.00000
    18     1.404  0.00000
    19     1.435  0.00000
    20     1.563  0.00000
    21     2.280  0.00000
    22     2.408  0.00000
    23     2.962  0.00000
    24     3.401  0.00000
    25     3.576  0.00000
    26     3.671  0.00000
    27     4.451  0.00000
    28     4.605  0.00000
    29     4.632  0.00000
    30     5.183  0.00000
    31     5.414  0.00000
    32     5.757  0.00000
    33    17.749  0.00000
    34    18.071  0.00000
    35    20.356  0.00000
    36    20.665  0.00000
    37    20.901  0.00000
    38    21.371  0.00000
    39    21.925  0.00000
    40    22.456  0.00000
    41    22.605  0.00000
    42    24.890  0.00000

 KPT            4  SPIN            1  KWEIGHT    7.4074074074074070E-002
     1   -12.293  2.00000
     2   -12.219  2.00000
     3    -6.099  2.00000
     4    -5.902  2.00000
     5    -5.314  2.00000
     6    -5.171  2.00000
     7    -4.877  2.00000
     8    -4.689  2.00000
     9    -1.855  0.00000
    10    -1.477  0.00000
    11    -0.901  0.00000
    12    -0.711  0.00000
    13    -0.287  0.00000
    14     0.192  0.00000
    15     0.341  0.00000
    16     0.824  0.00000
    17     1.054  0.00000
    18     1.557  0.00000
    19     1.660  0.00000
    20     1.896  0.00000
    21     2.671  0.00000
    22     2.757  0.00000
    23     3.044  0.00000
    24     3.544  0.00000
    25     3.737  0.00000
    26     4.238  0.00000
    27     4.402  0.00000
    28     4.578  0.00000
    29     4.863  0.00000
    30     4.987  0.00000
    31     5.090  0.00000
    32     5.383  0.00000
    33    18.048  0.00000
    34    19.011  0.00000
    35    19.711  0.00000
    36    20.066  0.00000
    37    20.157  0.00000
    38    20.601  0.00000
    39    20.907  0.00000
    40    21.487  0.00000
    41    22.266  0.00000
    42    23.928  0.00000

 KPT            5  SPIN            1  KWEIGHT    7.4074074074074070E-002
     1   -12.261  2.00000
     2   -12.261  2.00000
     3    -6.103  2.00000
     4    -6.103  2.00000
     5    -5.146  2.00000
     6    -5.146  2.00000
     7    -4.708  2.00000
     8    -4.708  2.00000
     9    -1.650  0.00000
    10    -1.650  0.00000
    11    -0.792  0.00000
    12    -0.792  0.00000
    13    -0.384  0.00000
    14    -0.384  0.00000
    15     0.408  0.00000
    16     0.408  0.00000
    17     1.624  0.00000
    18     1.624  0.00000
    19     2.279  0.00000
    20     2.279  0.00000
    21     2.880  0.00000
    22     2.880  0.00000
    23     3.320  0.00000
    24     3.320  0.00000
    25     3.706  0.00000
    26     3.706  0.00000
    27     4.046  0.00000
    28     4.046  0.00000
    29     4.872  0.00000
    30     4.872  0.00000
    31     5.153  0.00000
    32     5.153  0.00000
    33    18.773  0.00000
    34    18.773  0.00000
    35    20.017  0.00000
    36    20.017  0.00000
    37    20.364  0.00000
    38    20.364  0.00000
    39    20.937  0.00000
    40    20.937  0.00000
    41    23.865  0.00000
    42    23.865  0.00000

 KPT            6  SPIN            1  KWEIGHT    7.4074074074074070E-002
     1   -12.293  2.00000
     2   -12.219  2.00000
     3    -6.099  2.00000
     4    -5.902  2.00000
     5    -5.314  2.00000
     6    -5.171  2.00000
     7    -4.877  2.00000
     8    -4.689  2.00000
     9    -1.855  0.00000
    10    -1.477  0.00000
    11    -0.901  0.00000
    12    -0.711  0.00000
    13    -0.287  0.00000
    14     0.192  0.00000
    15     0.341  0.00000
    16     0.824  0.00000
    17     1.054  0.00000
    18     1.557  0.00000
    19     1.660  0.00000
    20     1.896  0.00000
    21     2.671  0.00000
    22     2.757  0.00000
    23     3.044  0.00000
    24     3.544  0.00000
    25     3.737  0.00000
    26     4.238  0.00000
    27     4.402  0.00000
    28     4.578  0.00000
    29     4.863  0.00000
    30     4.987  0.00000
    31     5.090  0.00000
    32     5.383  0.00000
    33    18.048  0.00000
    34    19.011  0.00000
    35    19.711  0.00000
    36    20.066  0.00000
    37    20.157  0.00000
    38    20.601  0.00000
    39    20.907  0.00000
    40    21.487  0.00000
    41    22.266  0.00000
    42    23.928  0.00000

 KPT            7  SPIN            1  KWEIGHT    7.4074074074074070E-002
     1   -12.527  2.00000
     2   -12.365  2.00000
     3    -6.088  2.00000
     4    -5.003  2.00000
     5    -4.912  2.00000
     6    -4.458  2.00000
     7    -4.445  2.00000
     8    -4.106  2.00000
     9    -2.610  0.00000
    10    -1.980  0.00000
    11    -0.598  0.00000
    12    -0.546  0.00000
    13    -0.366  0.00000
    14    -0.061  0.00000
    15     0.336  0.00000
    16     0.374  0.00000
    17     0.418  0.00000
    18     0.804  0.00000
    19     1.015  0.00000
    20     1.454  0.00000
    21     1.981  0.00000
    22     2.087  0.00000
    23     2.543  0.00000
    24     2.832  0.00000
    25     3.229  0.00000
    26     3.538  0.00000
    27     4.347  0.00000
    28     4.811  0.00000
    29     4.866  0.00000
    30     5.517  0.00000
    31     5.640  0.00000
    32     6.080  0.00000
    33    17.092  0.00000
    34    17.608  0.00000
    35    19.841  0.00000
    36    20.053  0.00000
    37    20.616  0.00000
    38    22.792  0.00000
    39    23.632  0.00000
    40    23.888  0.00000
    41    23.915  0.00000
    42    25.225  0.00000

 KPT            8  SPIN            1  KWEIGHT    7.4074074074074070E-002
     1   -12.455  2.00000
     2   -12.455  2.00000
     3    -5.609  2.00000
     4    -5.609  2.00000
     5    -4.715  2.00000
     6    -4.715  2.00000
     7    -4.295  2.00000
     8    -4.295  2.00000
     9    -2.061  0.00000
    10    -2.061  0.00000
    11    -0.802  0.00000
    12    -0.802  0.00000
    13    -0.243  0.00000
    14    -0.243  0.00000
    15     0.304  0.00000
    16     0.304  0.00000
    17     1.077  0.00000
    18     1.077  0.00000
    19     1.679  0.00000
    20     1.679  0.00000
    21     1.759  0.00000
    22     1.759  0.00000
    23     2.184  0.00000
    24     2.184  0.00000
    25     3.320  0.00000
    26     3.320  0.00000
    27     4.942  0.00000
    28     4.942  0.00000
    29     5.249  0.00000
    30     5.249  0.00000
    31     5.293  0.00000
    32     5.293  0.00000
    33    18.355  0.00000
    34    18.355  0.00000
    35    18.687  0.00000
    36    18.687  0.00000
    37    22.698  0.00000
    38    22.698  0.00000
    39    23.861  0.00000
    40    23.861  0.00000
    41    24.602  0.00000
    42    24.602  0.00000

 KPT            9  SPIN            1  KWEIGHT    7.4074074074074070E-002
     1   -12.527  2.00000
     2   -12.365  2.00000
     3    -6.088  2.00000
     4    -5.003  2.00000
     5    -4.912  2.00000
     6    -4.458  2.00000
     7    -4.445  2.00000
     8    -4.106  2.00000
     9    -2.610  0.00000
    10    -1.980  0.00000
    11    -0.598  0.00000
    12    -0.546  0.00000
    13    -0.366  0.00000
    14    -0.061  0.00000
    15     0.336  0.00000
    16     0.374  0.00000
    17     0.418  0.00000
    18     0.804  0.00000
    19     1.015  0.00000
    20     1.454  0.00000
    21     1.981  0.00000
    22     2.087  0.00000
    23     2.543  0.00000
    24     2.832  0.00000
    25     3.229  0.00000
    26     3.538  0.00000
    27     4.347  0.00000
    28     4.811  0.00000
    29     4.866  0.00000
    30     5.517  0.00000
    31     5.640  0.00000
    32     6.080  0.00000
    33    17.092  0.00000
    34    17.608  0.00000
    35    19.841  0.00000
    36    20.053  0.00000
    37    20.616  0.00000
    38    22.792  0.00000
    39    23.632  0.00000
    40    23.888  0.00000
    41    23.915  0.00000
    42    25.225  0.00000

 KPT           10  SPIN            1  KWEIGHT    7.4074074074074070E-002
     1   -12.293  2.00000
     2   -12.219  2.00000
     3    -6.099  2.00000
     4    -5.902  2.00000
     5    -5.314  2.00000
     6    -5.171  2.00000
     7    -4.877  2.00000
     8    -4.689  2.00000
     9    -1.855  0.00000
    10    -1.477  0.00000
    11    -0.901  0.00000
    12    -0.711  0.00000
    13    -0.287  0.00000
    14     0.192  0.00000
    15     0.341  0.00000
    16     0.824  0.00000
    17     1.054  0.00000
    18     1.557  0.00000
    19     1.660  0.00000
    20     1.896  0.00000
    21     2.671  0.00000
    22     2.757  0.00000
    23     3.044  0.00000
    24     3.544  0.00000
    25     3.737  0.00000
    26     4.238  0.00000
    27     4.402  0.00000
    28     4.578  0.00000
    29     4.863  0.00000
    30     4.987  0.00000
    31     5.090  0.00000
    32     5.383  0.00000
    33    18.048  0.00000
    34    19.011  0.00000
    35    19.711  0.00000
    36    20.066  0.00000
    37    20.157  0.00000
    38    20.601  0.00000
    39    20.907  0.00000
    40    21.487  0.00000
    41    22.266  0.00000
    42    23.928  0.00000

 KPT           11  SPIN            1  KWEIGHT    7.4074074074074070E-002
     1   -12.261  2.00000
     2   -12.261  2.00000
     3    -6.103  2.00000
     4    -6.103  2.00000
     5    -5.146  2.00000
     6    -5.146  2.00000
     7    -4.708  2.00000
     8    -4.708  2.00000
     9    -1.650  0.00000
    10    -1.650  0.00000
    11    -0.792  0.00000
    12    -0.792  0.00000
    13    -0.384  0.00000
    14    -0.384  0.00000
    15     0.408  0.00000
    16     0.408  0.00000
    17     1.624  0.00000
    18     1.624  0.00000
    19     2.279  0.00000
    20     2.279  0.00000
    21     2.880  0.00000
    22     2.880  0.00000
    23     3.320  0.00000
    24     3.320  0.00000
    25     3.706  0.00000
    26     3.706  0.00000
    27     4.046  0.00000
    28     4.046  0.00000
    29     4.872  0.00000
    30     4.872  0.00000
    31     5.153  0.00000
    32     5.153  0.00000
    33    18.773  0.00000
    34    18.773  0.00000
    35    20.017  0.00000
    36    20.017  0.00000
    37    20.364  0.00000
    38    20.364  0.00000
    39    20.937  0.00000
    40    20.937  0.00000
    41    23.865  0.00000
    42    23.865  0.00000

 KPT           12  SPIN            1  KWEIGHT    7.4074074074074070E-002
     1   -12.293  2.00000
     2   -12.219  2.00000
     3    -6.099  2.00000
     4    -5.902  2.00000
     5    -5.314  2.00000
     6    -5.171  2.00000
     7    -4.877  2.00000
     8    -4.689  2.00000
     9    -1.855  0.00000
    10    -1.477  0.00000
    11    -0.901  0.00000
    12    -0.711  0.00000
    13    -0.287  0.00000
    14     0.192  0.00000
    15     0.341  0.00000
    16     0.824  0.00000
    17     1.054  0.00000
    18     1.557  0.00000
    19     1.660  0.00000
    20     1.896  0.00000
    21     2.671  0.00000
    22     2.757  0.00000
    23     3.044  0.00000
    24     3.544  0.00000
    25     3.737  0.00000
    26     4.238  0.00000
    27     4.402  0.00000
    28     4.578  0.00000
    29     4.863  0.00000
    30     4.987  0.00000
    31     5.090  0.00000
    32     5.383  0.00000
    33    18.048  0.00000
    34    19.011  0.00000
    35    19.711  0.00000
    36    20.066  0.00000
    37    20.157  0.00000
    38    20.601  0.00000
    39    20.907  0.00000
    40    21.487  0.00000
    41    22.266  0.00000
    42    23.928  0.00000

 KPT           13  SPIN            1  KWEIGHT    7.4074074074074070E-002
     1   -12.294  2.00000
     2   -12.223  2.00000
     3    -6.293  2.00000
     4    -6.023  2.00000
     5    -5.209  2.00000
     6    -4.882  2.00000
     7    -4.797  2.00000
     8    -4.486  2.00000
     9    -2.206  0.00000
    10    -1.472  0.00000
    11    -1.384  0.00000
    12    -0.711  0.00000
    13    -0.078  0.00000
    14    -0.025  0.00000
    15     0.385  0.00000
    16     0.850  0.00000
    17     1.298  0.00000
    18     1.446  0.00000
    19     1.613  0.00000
    20     1.954  0.00000
    21     3.131  0.00000
    22     3.174  0.00000
    23     3.290  0.00000
    24     3.526  0.00000
    25     3.871  0.00000
    26     4.172  0.00000
    27     4.204  0.00000
    28     4.455  0.00000
    29     4.529  0.00000
    30     4.746  0.00000
    31     4.918  0.00000
    32     5.438  0.00000
    33    17.891  0.00000
    34    19.484  0.00000
    35    19.667  0.00000
    36    20.099  0.00000
    37    20.497  0.00000
    38    20.580  0.00000
    39    20.848  0.00000
    40    21.568  0.00000
    41    22.372  0.00000
    42    23.693  0.00000

 KPT           14  SPIN            1  KWEIGHT    3.7037037037037035E-002
     1   -12.262  2.00000
     2   -12.262  2.00000
     3    -6.262  2.00000
     4    -6.262  2.00000
     5    -4.801  2.00000
     6    -4.801  2.00000
     7    -4.702  2.00000
     8    -4.702  2.00000
     9    -2.024  0.00000
    10    -2.024  0.00000
    11    -1.110  0.00000
    12    -1.110  0.00000
    13     0.187  0.00000
    14     0.187  0.00000
    15     0.677  0.00000
    16     0.677  0.00000
    17     0.947  0.00000
    18     0.947  0.00000
    19     2.745  0.00000
    20     2.745  0.00000
    21     3.127  0.00000
    22     3.127  0.00000
    23     3.211  0.00000
    24     3.211  0.00000
    25     3.708  0.00000
    26     3.708  0.00000
    27     4.263  0.00000
    28     4.263  0.00000
    29     4.375  0.00000
    30     4.375  0.00000
    31     5.110  0.00000
    32     5.110  0.00000
    33    19.244  0.00000
    34    19.244  0.00000
    35    19.803  0.00000
    36    19.803  0.00000
    37    20.102  0.00000
    38    20.102  0.00000
    39    21.152  0.00000
    40    21.152  0.00000
    41    23.925  0.00000
    42    23.925  0.00000

