 KPT            1  SPIN            1  KWEIGHT   0.25000000000000000     
     1   -19.924  2.00000
     2   -19.862  2.00000
     3   -19.831  2.00000
     4   -19.773  2.00000
     5   -19.749  2.00000
     6   -19.658  2.00000
     7   -19.547  2.00000
     8   -19.501  2.00000
     9   -19.448  2.00000
    10   -19.333  2.00000
    11   -19.242  2.00000
    12   -19.194  2.00000
    13   -17.709  2.00000
    14   -17.689  2.00000
    15   -17.645  2.00000
    16   -17.585  2.00000
    17   -17.544  2.00000
    18   -17.485  2.00000
    19   -17.413  2.00000
    20   -17.394  2.00000
    21   -17.314  2.00000
    22   -17.219  2.00000
    23   -17.194  2.00000
    24   -17.125  2.00000
    25   -12.987  2.00000
    26   -12.837  2.00000
    27   -12.615  2.00000
    28   -12.518  2.00000
    29    -9.251  2.00000
    30    -9.215  2.00000
    31    -9.188  2.00000
    32    -9.081  2.00000
    33    -9.065  2.00000
    34    -8.933  2.00000
    35    -8.922  2.00000
    36    -8.861  2.00000
    37    -8.784  2.00000
    38    -8.761  2.00000
    39    -8.710  2.00000
    40    -8.672  2.00000
    41    -8.657  2.00000
    42    -8.576  2.00000
    43    -8.544  2.00000
    44    -8.494  2.00000
    45    -8.477  2.00000
    46    -8.433  2.00000
    47    -8.383  2.00000
    48    -8.356  2.00000
    49    -8.314  2.00000
    50    -8.297  2.00000
    51    -8.250  2.00000
    52    -8.233  2.00000
    53    -8.192  2.00000
    54    -8.142  2.00000
    55    -8.124  2.00000
    56    -8.065  2.00000
    57    -8.043  2.00000
    58    -7.983  2.00000
    59    -7.963  2.00000
    60    -7.895  2.00000
    61    -7.859  2.00000
    62    -7.840  2.00000
    63    -7.787  2.00000
    64    -7.708  2.00000
    65    -6.907  2.00000
    66    -6.865  2.00000
    67    -6.801  2.00000
    68    -6.704  2.00000
    69    -6.623  2.00000
    70    -6.508  2.00000
    71    -6.487  2.00000
    72    -6.443  2.00000
    73    -6.370  2.00000
    74    -6.352  2.00000
    75    -6.255  2.00000
    76    -6.182  2.00000
    77    -6.157  2.00000
    78    -6.065  2.00000
    79    -6.037  2.00000
    80    -5.992  2.00000
    81    -5.945  2.00000
    82    -5.853  2.00000
    83    -5.817  2.00000
    84    -5.769  2.00000
    85    -5.754  2.00000
    86    -5.701  2.00000
    87    -5.656  2.00000
    88    -5.636  2.00000
    89    -5.608  2.00000
    90    -5.502  2.00000
    91    -5.410  2.00000
    92    -5.335  2.00000
    93    -5.210  2.00000
    94    -5.165  2.00000
    95    -5.123  2.00000
    96    -5.005  2.00000
    97    -2.621  0.00000
    98    -2.388  0.00000
    99    -2.094  0.00000
   100    -1.927  0.00000
   101    -1.885  0.00000
   102    -1.779  0.00000
   103    -1.698  0.00000
   104    -1.612  0.00000
   105    -1.466  0.00000
   106    -1.317  0.00000
   107    -1.264  0.00000
   108    -1.183  0.00000
   109    -1.151  0.00000
   110    -1.134  0.00000
   111    -1.084  0.00000
   112    -0.989  0.00000
   113    -0.938  0.00000
   114    -0.860  0.00000
   115    -0.811  0.00000
   116    -0.759  0.00000
   117    -0.704  0.00000
   118    -0.675  0.00000
   119    -0.548  0.00000
   120    -0.525  0.00000
   121    -0.468  0.00000
   122    -0.431  0.00000
   123    -0.327  0.00000
   124    -0.313  0.00000
   125    -0.231  0.00000
   126    -0.191  0.00000
   127    -0.171  0.00000
   128    -0.056  0.00000
   129     0.014  0.00000
   130     0.057  0.00000
   131     0.143  0.00000
   132     0.190  0.00000
   133     0.266  0.00000
   134     0.314  0.00000
   135     0.339  0.00000
   136     0.426  0.00000
   137     0.492  0.00000
   138     0.495  0.00000
   139     0.544  0.00000
   140     0.579  0.00000
   141     0.602  0.00000
   142     0.661  0.00000
   143     0.715  0.00000
   144     0.725  0.00000
   145     0.770  0.00000
   146     0.797  0.00000
   147     0.822  0.00000
   148     0.844  0.00000
   149     0.893  0.00000
   150     0.902  0.00000
   151     0.937  0.00000
   152     0.974  0.00000
   153     1.000  0.00000
   154     1.020  0.00000
   155     1.061  0.00000
   156     1.104  0.00000
   157     1.135  0.00000
   158     1.167  0.00000
   159     1.206  0.00000
   160     1.233  0.00000
   161     1.308  0.00000
   162     1.358  0.00000
   163     1.392  0.00000
   164     1.446  0.00000
   165     1.474  0.00000
   166     1.533  0.00000
   167     1.549  0.00000
   168     1.592  0.00000
   169     1.627  0.00000
   170     1.649  0.00000
   171     1.666  0.00000
   172     1.699  0.00000
   173     1.735  0.00000
   174     1.750  0.00000
   175     1.801  0.00000
   176     1.842  0.00000
   177     1.875  0.00000
   178     1.911  0.00000
   179     1.963  0.00000
   180     2.019  0.00000
   181     2.052  0.00000
   182     2.077  0.00000
   183     2.123  0.00000
   184     2.165  0.00000
   185     2.194  0.00000
   186     2.279  0.00000
   187     2.296  0.00000
   188     2.330  0.00000
   189     2.352  0.00000
   190     2.375  0.00000
   191     2.395  0.00000
   192     2.449  0.00000
   193     2.480  0.00000
   194     2.492  0.00000
   195     2.526  0.00000
   196     2.555  0.00000
   197     2.582  0.00000
   198     2.617  0.00000
   199     2.664  0.00000
   200     2.689  0.00000
   201     2.711  0.00000
   202     2.720  0.00000
   203     2.749  0.00000
   204     2.790  0.00000
   205     2.801  0.00000
   206     2.831  0.00000
   207     2.845  0.00000
   208     2.885  0.00000
   209     2.890  0.00000
   210     2.915  0.00000
   211     2.953  0.00000
   212     2.981  0.00000
   213     3.009  0.00000
   214     3.035  0.00000
   215     3.062  0.00000
   216     3.095  0.00000
   217     3.120  0.00000
   218     3.182  0.00000
   219     3.209  0.00000
   220     3.238  0.00000
   221     3.277  0.00000
   222     3.310  0.00000
   223     3.347  0.00000
   224     3.374  0.00000
   225     3.428  0.00000
   226     3.496  0.00000
   227     3.510  0.00000
   228     3.593  0.00000
   229     3.625  0.00000
   230     3.659  0.00000
   231     3.874  0.00000
   232     3.949  0.00000
   233     3.997  0.00000
   234     4.049  0.00000
   235     4.084  0.00000
   236     4.130  0.00000
   237     4.148  0.00000
   238     4.213  0.00000
   239     4.235  0.00000
   240     4.323  0.00000
   241     4.379  0.00000
   242     4.454  0.00000
   243     4.490  0.00000
   244     4.589  0.00000
   245     4.647  0.00000
   246     4.692  0.00000
   247     4.738  0.00000
   248     4.832  0.00000
   249     4.863  0.00000
   250     4.939  0.00000
   251     5.006  0.00000
   252     5.023  0.00000
   253     5.113  0.00000
   254     5.166  0.00000
   255     5.199  0.00000
   256     5.257  0.00000
   257     5.302  0.00000
   258     5.322  0.00000
   259     5.409  0.00000
   260     5.462  0.00000
   261     5.512  0.00000
   262     5.591  0.00000
   263     5.612  0.00000
   264     5.666  0.00000
   265     5.710  0.00000
   266     5.733  0.00000
   267     5.798  0.00000
   268     5.842  0.00000
   269     5.925  0.00000
   270     6.001  0.00000
   271     6.063  0.00000
   272     6.136  0.00000
   273     6.204  0.00000
   274     6.225  0.00000
   275     6.278  0.00000
   276     6.349  0.00000
   277     6.387  0.00000
   278     6.525  0.00000
   279     6.547  0.00000
   280     6.674  0.00000
   281     6.758  0.00000
   282     6.864  0.00000
   283     6.937  0.00000
   284     6.981  0.00000
   285     7.118  0.00000
   286     7.191  0.00000
   287     7.317  0.00000
   288     7.407  0.00000
   289     7.604  0.00000
   290     7.731  0.00000
   291     7.874  0.00000
   292     8.025  0.00000
   293     8.109  0.00000
   294     8.348  0.00000
   295     8.557  0.00000
   296    11.764  0.00000
   297    11.992  0.00000
   298    12.257  0.00000
   299    12.326  0.00000
   300    12.389  0.00000
   301    12.582  0.00000
   302    12.655  0.00000
   303    12.769  0.00000
   304    13.013  0.00000
   305    13.136  0.00000
   306    13.372  0.00000
   307    13.525  0.00000
   308    17.173  0.00000
   309    17.841  0.00000
   310    18.447  0.00000
   311    18.752  0.00000
   312    21.204  0.00000
   313    30.748  0.00000
   314    30.979  0.00000
   315    31.242  0.00000
   316    31.639  0.00000
   317    31.700  0.00000
   318    31.816  0.00000
   319    32.190  0.00000
   320    32.376  0.00000
   321    44.203  0.00000
   322    44.367  0.00000
   323    44.744  0.00000
   324    44.929  0.00000
   325    45.061  0.00000
   326    45.696  0.00000
   327    46.003  0.00000
   328    46.448  0.00000
   329    46.566  0.00000
   330    47.048  0.00000
   331    47.508  0.00000
   332    49.046  0.00000

 KPT            2  SPIN            1  KWEIGHT   0.25000000000000000     
     1   -19.924  2.00000
     2   -19.862  2.00000
     3   -19.830  2.00000
     4   -19.773  2.00000
     5   -19.748  2.00000
     6   -19.658  2.00000
     7   -19.547  2.00000
     8   -19.501  2.00000
     9   -19.448  2.00000
    10   -19.333  2.00000
    11   -19.242  2.00000
    12   -19.194  2.00000
    13   -17.709  2.00000
    14   -17.693  2.00000
    15   -17.649  2.00000
    16   -17.587  2.00000
    17   -17.529  2.00000
    18   -17.485  2.00000
    19   -17.417  2.00000
    20   -17.389  2.00000
    21   -17.319  2.00000
    22   -17.219  2.00000
    23   -17.193  2.00000
    24   -17.127  2.00000
    25   -12.986  2.00000
    26   -12.834  2.00000
    27   -12.617  2.00000
    28   -12.519  2.00000
    29    -9.253  2.00000
    30    -9.216  2.00000
    31    -9.188  2.00000
    32    -9.073  2.00000
    33    -9.058  2.00000
    34    -8.945  2.00000
    35    -8.928  2.00000
    36    -8.873  2.00000
    37    -8.825  2.00000
    38    -8.736  2.00000
    39    -8.680  2.00000
    40    -8.651  2.00000
    41    -8.609  2.00000
    42    -8.570  2.00000
    43    -8.525  2.00000
    44    -8.515  2.00000
    45    -8.471  2.00000
    46    -8.465  2.00000
    47    -8.405  2.00000
    48    -8.388  2.00000
    49    -8.338  2.00000
    50    -8.285  2.00000
    51    -8.268  2.00000
    52    -8.234  2.00000
    53    -8.185  2.00000
    54    -8.130  2.00000
    55    -8.094  2.00000
    56    -8.079  2.00000
    57    -8.029  2.00000
    58    -7.988  2.00000
    59    -7.971  2.00000
    60    -7.895  2.00000
    61    -7.854  2.00000
    62    -7.842  2.00000
    63    -7.779  2.00000
    64    -7.709  2.00000
    65    -6.891  2.00000
    66    -6.857  2.00000
    67    -6.805  2.00000
    68    -6.687  2.00000
    69    -6.643  2.00000
    70    -6.503  2.00000
    71    -6.473  2.00000
    72    -6.457  2.00000
    73    -6.391  2.00000
    74    -6.318  2.00000
    75    -6.296  2.00000
    76    -6.201  2.00000
    77    -6.178  2.00000
    78    -6.086  2.00000
    79    -6.050  2.00000
    80    -6.007  2.00000
    81    -5.939  2.00000
    82    -5.875  2.00000
    83    -5.817  2.00000
    84    -5.767  2.00000
    85    -5.739  2.00000
    86    -5.692  2.00000
    87    -5.617  2.00000
    88    -5.590  2.00000
    89    -5.538  2.00000
    90    -5.424  2.00000
    91    -5.389  2.00000
    92    -5.350  2.00000
    93    -5.265  2.00000
    94    -5.208  2.00000
    95    -5.167  2.00000
    96    -5.017  2.00000
    97    -2.609  0.00000
    98    -2.431  0.00000
    99    -2.109  0.00000
   100    -1.882  0.00000
   101    -1.824  0.00000
   102    -1.755  0.00000
   103    -1.725  0.00000
   104    -1.566  0.00000
   105    -1.502  0.00000
   106    -1.401  0.00000
   107    -1.282  0.00000
   108    -1.180  0.00000
   109    -1.161  0.00000
   110    -1.099  0.00000
   111    -1.084  0.00000
   112    -0.992  0.00000
   113    -0.944  0.00000
   114    -0.892  0.00000
   115    -0.807  0.00000
   116    -0.740  0.00000
   117    -0.695  0.00000
   118    -0.648  0.00000
   119    -0.587  0.00000
   120    -0.548  0.00000
   121    -0.517  0.00000
   122    -0.432  0.00000
   123    -0.358  0.00000
   124    -0.282  0.00000
   125    -0.231  0.00000
   126    -0.178  0.00000
   127    -0.104  0.00000
   128    -0.087  0.00000
   129    -0.009  0.00000
   130     0.099  0.00000
   131     0.157  0.00000
   132     0.183  0.00000
   133     0.243  0.00000
   134     0.347  0.00000
   135     0.380  0.00000
   136     0.421  0.00000
   137     0.465  0.00000
   138     0.495  0.00000
   139     0.538  0.00000
   140     0.574  0.00000
   141     0.643  0.00000
   142     0.660  0.00000
   143     0.700  0.00000
   144     0.711  0.00000
   145     0.746  0.00000
   146     0.784  0.00000
   147     0.823  0.00000
   148     0.846  0.00000
   149     0.860  0.00000
   150     0.916  0.00000
   151     0.952  0.00000
   152     0.973  0.00000
   153     1.033  0.00000
   154     1.067  0.00000
   155     1.078  0.00000
   156     1.102  0.00000
   157     1.149  0.00000
   158     1.190  0.00000
   159     1.210  0.00000
   160     1.259  0.00000
   161     1.281  0.00000
   162     1.323  0.00000
   163     1.397  0.00000
   164     1.442  0.00000
   165     1.482  0.00000
   166     1.497  0.00000
   167     1.543  0.00000
   168     1.588  0.00000
   169     1.622  0.00000
   170     1.666  0.00000
   171     1.690  0.00000
   172     1.735  0.00000
   173     1.752  0.00000
   174     1.787  0.00000
   175     1.819  0.00000
   176     1.872  0.00000
   177     1.892  0.00000
   178     1.944  0.00000
   179     1.957  0.00000
   180     1.988  0.00000
   181     2.032  0.00000
   182     2.083  0.00000
   183     2.129  0.00000
   184     2.166  0.00000
   185     2.211  0.00000
   186     2.236  0.00000
   187     2.257  0.00000
   188     2.305  0.00000
   189     2.329  0.00000
   190     2.361  0.00000
   191     2.379  0.00000
   192     2.414  0.00000
   193     2.467  0.00000
   194     2.488  0.00000
   195     2.524  0.00000
   196     2.554  0.00000
   197     2.565  0.00000
   198     2.611  0.00000
   199     2.630  0.00000
   200     2.656  0.00000
   201     2.689  0.00000
   202     2.712  0.00000
   203     2.750  0.00000
   204     2.777  0.00000
   205     2.800  0.00000
   206     2.825  0.00000
   207     2.869  0.00000
   208     2.879  0.00000
   209     2.923  0.00000
   210     2.948  0.00000
   211     2.966  0.00000
   212     2.984  0.00000
   213     3.012  0.00000
   214     3.046  0.00000
   215     3.067  0.00000
   216     3.110  0.00000
   217     3.131  0.00000
   218     3.138  0.00000
   219     3.190  0.00000
   220     3.204  0.00000
   221     3.253  0.00000
   222     3.297  0.00000
   223     3.327  0.00000
   224     3.371  0.00000
   225     3.433  0.00000
   226     3.465  0.00000
   227     3.517  0.00000
   228     3.597  0.00000
   229     3.653  0.00000
   230     3.718  0.00000
   231     3.848  0.00000
   232     3.957  0.00000
   233     3.985  0.00000
   234     4.081  0.00000
   235     4.094  0.00000
   236     4.121  0.00000
   237     4.169  0.00000
   238     4.255  0.00000
   239     4.301  0.00000
   240     4.342  0.00000
   241     4.401  0.00000
   242     4.434  0.00000
   243     4.494  0.00000
   244     4.533  0.00000
   245     4.612  0.00000
   246     4.662  0.00000
   247     4.716  0.00000
   248     4.802  0.00000
   249     4.880  0.00000
   250     4.945  0.00000
   251     5.007  0.00000
   252     5.047  0.00000
   253     5.083  0.00000
   254     5.148  0.00000
   255     5.241  0.00000
   256     5.287  0.00000
   257     5.322  0.00000
   258     5.347  0.00000
   259     5.437  0.00000
   260     5.464  0.00000
   261     5.520  0.00000
   262     5.539  0.00000
   263     5.599  0.00000
   264     5.637  0.00000
   265     5.710  0.00000
   266     5.750  0.00000
   267     5.790  0.00000
   268     5.873  0.00000
   269     5.926  0.00000
   270     5.994  0.00000
   271     6.053  0.00000
   272     6.133  0.00000
   273     6.164  0.00000
   274     6.233  0.00000
   275     6.283  0.00000
   276     6.386  0.00000
   277     6.431  0.00000
   278     6.480  0.00000
   279     6.583  0.00000
   280     6.617  0.00000
   281     6.778  0.00000
   282     6.880  0.00000
   283     6.952  0.00000
   284     7.038  0.00000
   285     7.087  0.00000
   286     7.182  0.00000
   287     7.323  0.00000
   288     7.365  0.00000
   289     7.596  0.00000
   290     7.799  0.00000
   291     7.928  0.00000
   292     7.957  0.00000
   293     8.130  0.00000
   294     8.281  0.00000
   295     8.563  0.00000
   296    11.830  0.00000
   297    11.998  0.00000
   298    12.203  0.00000
   299    12.291  0.00000
   300    12.412  0.00000
   301    12.597  0.00000
   302    12.645  0.00000
   303    12.783  0.00000
   304    12.985  0.00000
   305    13.244  0.00000
   306    13.307  0.00000
   307    13.466  0.00000
   308    17.080  0.00000
   309    17.895  0.00000
   310    18.495  0.00000
   311    18.748  0.00000
   312    21.201  0.00000
   313    30.761  0.00000
   314    31.007  0.00000
   315    31.250  0.00000
   316    31.618  0.00000
   317    31.740  0.00000
   318    31.829  0.00000
   319    32.116  0.00000
   320    32.370  0.00000
   321    44.184  0.00000
   322    44.399  0.00000
   323    44.705  0.00000
   324    44.898  0.00000
   325    45.081  0.00000
   326    45.727  0.00000
   327    46.010  0.00000
   328    46.458  0.00000
   329    46.598  0.00000
   330    46.999  0.00000
   331    47.520  0.00000
   332    49.042  0.00000

 KPT            3  SPIN            1  KWEIGHT   0.25000000000000000     
     1   -19.924  2.00000
     2   -19.862  2.00000
     3   -19.831  2.00000
     4   -19.773  2.00000
     5   -19.748  2.00000
     6   -19.657  2.00000
     7   -19.548  2.00000
     8   -19.501  2.00000
     9   -19.448  2.00000
    10   -19.333  2.00000
    11   -19.242  2.00000
    12   -19.194  2.00000
    13   -17.706  2.00000
    14   -17.682  2.00000
    15   -17.661  2.00000
    16   -17.598  2.00000
    17   -17.512  2.00000
    18   -17.490  2.00000
    19   -17.423  2.00000
    20   -17.385  2.00000
    21   -17.325  2.00000
    22   -17.220  2.00000
    23   -17.190  2.00000
    24   -17.125  2.00000
    25   -12.983  2.00000
    26   -12.839  2.00000
    27   -12.621  2.00000
    28   -12.514  2.00000
    29    -9.253  2.00000
    30    -9.208  2.00000
    31    -9.201  2.00000
    32    -9.080  2.00000
    33    -9.030  2.00000
    34    -8.965  2.00000
    35    -8.924  2.00000
    36    -8.832  2.00000
    37    -8.818  2.00000
    38    -8.766  2.00000
    39    -8.718  2.00000
    40    -8.655  2.00000
    41    -8.633  2.00000
    42    -8.590  2.00000
    43    -8.550  2.00000
    44    -8.490  2.00000
    45    -8.466  2.00000
    46    -8.424  2.00000
    47    -8.376  2.00000
    48    -8.355  2.00000
    49    -8.327  2.00000
    50    -8.315  2.00000
    51    -8.283  2.00000
    52    -8.236  2.00000
    53    -8.171  2.00000
    54    -8.133  2.00000
    55    -8.102  2.00000
    56    -8.076  2.00000
    57    -8.037  2.00000
    58    -7.988  2.00000
    59    -7.957  2.00000
    60    -7.913  2.00000
    61    -7.858  2.00000
    62    -7.827  2.00000
    63    -7.791  2.00000
    64    -7.709  2.00000
    65    -6.898  2.00000
    66    -6.855  2.00000
    67    -6.813  2.00000
    68    -6.698  2.00000
    69    -6.647  2.00000
    70    -6.514  2.00000
    71    -6.473  2.00000
    72    -6.423  2.00000
    73    -6.359  2.00000
    74    -6.318  2.00000
    75    -6.275  2.00000
    76    -6.199  2.00000
    77    -6.142  2.00000
    78    -6.096  2.00000
    79    -6.039  2.00000
    80    -6.008  2.00000
    81    -5.971  2.00000
    82    -5.907  2.00000
    83    -5.800  2.00000
    84    -5.761  2.00000
    85    -5.743  2.00000
    86    -5.689  2.00000
    87    -5.658  2.00000
    88    -5.631  2.00000
    89    -5.550  2.00000
    90    -5.480  2.00000
    91    -5.407  2.00000
    92    -5.325  2.00000
    93    -5.257  2.00000
    94    -5.171  2.00000
    95    -5.101  2.00000
    96    -5.035  2.00000
    97    -2.610  0.00000
    98    -2.341  0.00000
    99    -2.116  0.00000
   100    -1.951  0.00000
   101    -1.885  0.00000
   102    -1.794  0.00000
   103    -1.684  0.00000
   104    -1.592  0.00000
   105    -1.440  0.00000
   106    -1.394  0.00000
   107    -1.310  0.00000
   108    -1.227  0.00000
   109    -1.149  0.00000
   110    -1.110  0.00000
   111    -1.061  0.00000
   112    -0.975  0.00000
   113    -0.893  0.00000
   114    -0.858  0.00000
   115    -0.829  0.00000
   116    -0.749  0.00000
   117    -0.673  0.00000
   118    -0.608  0.00000
   119    -0.577  0.00000
   120    -0.527  0.00000
   121    -0.450  0.00000
   122    -0.435  0.00000
   123    -0.370  0.00000
   124    -0.312  0.00000
   125    -0.231  0.00000
   126    -0.166  0.00000
   127    -0.121  0.00000
   128    -0.056  0.00000
   129    -0.014  0.00000
   130     0.041  0.00000
   131     0.080  0.00000
   132     0.191  0.00000
   133     0.272  0.00000
   134     0.353  0.00000
   135     0.356  0.00000
   136     0.411  0.00000
   137     0.467  0.00000
   138     0.492  0.00000
   139     0.528  0.00000
   140     0.575  0.00000
   141     0.595  0.00000
   142     0.640  0.00000
   143     0.680  0.00000
   144     0.723  0.00000
   145     0.757  0.00000
   146     0.796  0.00000
   147     0.830  0.00000
   148     0.842  0.00000
   149     0.864  0.00000
   150     0.896  0.00000
   151     0.932  0.00000
   152     0.963  0.00000
   153     1.001  0.00000
   154     1.031  0.00000
   155     1.080  0.00000
   156     1.118  0.00000
   157     1.150  0.00000
   158     1.177  0.00000
   159     1.192  0.00000
   160     1.282  0.00000
   161     1.322  0.00000
   162     1.346  0.00000
   163     1.373  0.00000
   164     1.420  0.00000
   165     1.491  0.00000
   166     1.509  0.00000
   167     1.543  0.00000
   168     1.577  0.00000
   169     1.614  0.00000
   170     1.651  0.00000
   171     1.710  0.00000
   172     1.737  0.00000
   173     1.777  0.00000
   174     1.809  0.00000
   175     1.829  0.00000
   176     1.844  0.00000
   177     1.883  0.00000
   178     1.921  0.00000
   179     1.964  0.00000
   180     1.975  0.00000
   181     2.037  0.00000
   182     2.112  0.00000
   183     2.134  0.00000
   184     2.147  0.00000
   185     2.209  0.00000
   186     2.245  0.00000
   187     2.285  0.00000
   188     2.312  0.00000
   189     2.350  0.00000
   190     2.368  0.00000
   191     2.417  0.00000
   192     2.459  0.00000
   193     2.477  0.00000
   194     2.503  0.00000
   195     2.554  0.00000
   196     2.562  0.00000
   197     2.605  0.00000
   198     2.620  0.00000
   199     2.647  0.00000
   200     2.667  0.00000
   201     2.690  0.00000
   202     2.721  0.00000
   203     2.733  0.00000
   204     2.750  0.00000
   205     2.787  0.00000
   206     2.809  0.00000
   207     2.857  0.00000
   208     2.876  0.00000
   209     2.899  0.00000
   210     2.916  0.00000
   211     2.965  0.00000
   212     2.980  0.00000
   213     3.004  0.00000
   214     3.025  0.00000
   215     3.078  0.00000
   216     3.104  0.00000
   217     3.115  0.00000
   218     3.153  0.00000
   219     3.201  0.00000
   220     3.229  0.00000
   221     3.286  0.00000
   222     3.301  0.00000
   223     3.331  0.00000
   224     3.368  0.00000
   225     3.438  0.00000
   226     3.461  0.00000
   227     3.526  0.00000
   228     3.546  0.00000
   229     3.623  0.00000
   230     3.676  0.00000
   231     3.857  0.00000
   232     3.953  0.00000
   233     4.011  0.00000
   234     4.068  0.00000
   235     4.092  0.00000
   236     4.157  0.00000
   237     4.190  0.00000
   238     4.233  0.00000
   239     4.291  0.00000
   240     4.317  0.00000
   241     4.354  0.00000
   242     4.401  0.00000
   243     4.514  0.00000
   244     4.577  0.00000
   245     4.638  0.00000
   246     4.681  0.00000
   247     4.704  0.00000
   248     4.792  0.00000
   249     4.863  0.00000
   250     4.927  0.00000
   251     4.993  0.00000
   252     5.044  0.00000
   253     5.079  0.00000
   254     5.167  0.00000
   255     5.212  0.00000
   256     5.292  0.00000
   257     5.347  0.00000
   258     5.384  0.00000
   259     5.430  0.00000
   260     5.483  0.00000
   261     5.495  0.00000
   262     5.576  0.00000
   263     5.589  0.00000
   264     5.677  0.00000
   265     5.701  0.00000
   266     5.736  0.00000
   267     5.804  0.00000
   268     5.850  0.00000
   269     5.914  0.00000
   270     6.018  0.00000
   271     6.082  0.00000
   272     6.127  0.00000
   273     6.180  0.00000
   274     6.226  0.00000
   275     6.290  0.00000
   276     6.365  0.00000
   277     6.467  0.00000
   278     6.513  0.00000
   279     6.573  0.00000
   280     6.606  0.00000
   281     6.755  0.00000
   282     6.815  0.00000
   283     6.947  0.00000
   284     7.000  0.00000
   285     7.081  0.00000
   286     7.199  0.00000
   287     7.321  0.00000
   288     7.440  0.00000
   289     7.628  0.00000
   290     7.702  0.00000
   291     7.828  0.00000
   292     7.997  0.00000
   293     8.113  0.00000
   294     8.339  0.00000
   295     8.575  0.00000
   296    11.821  0.00000
   297    12.014  0.00000
   298    12.202  0.00000
   299    12.292  0.00000
   300    12.386  0.00000
   301    12.532  0.00000
   302    12.653  0.00000
   303    12.870  0.00000
   304    13.029  0.00000
   305    13.218  0.00000
   306    13.313  0.00000
   307    13.440  0.00000
   308    17.161  0.00000
   309    17.849  0.00000
   310    18.479  0.00000
   311    18.762  0.00000
   312    21.187  0.00000
   313    30.756  0.00000
   314    31.057  0.00000
   315    31.242  0.00000
   316    31.579  0.00000
   317    31.682  0.00000
   318    31.865  0.00000
   319    32.096  0.00000
   320    32.411  0.00000
   321    44.235  0.00000
   322    44.338  0.00000
   323    44.733  0.00000
   324    44.903  0.00000
   325    45.074  0.00000
   326    45.722  0.00000
   327    45.993  0.00000
   328    46.461  0.00000
   329    46.599  0.00000
   330    47.037  0.00000
   331    47.485  0.00000
   332    49.045  0.00000

 KPT            4  SPIN            1  KWEIGHT   0.25000000000000000     
     1   -19.923  2.00000
     2   -19.862  2.00000
     3   -19.831  2.00000
     4   -19.773  2.00000
     5   -19.749  2.00000
     6   -19.657  2.00000
     7   -19.548  2.00000
     8   -19.501  2.00000
     9   -19.448  2.00000
    10   -19.333  2.00000
    11   -19.242  2.00000
    12   -19.194  2.00000
    13   -17.706  2.00000
    14   -17.678  2.00000
    15   -17.658  2.00000
    16   -17.607  2.00000
    17   -17.513  2.00000
    18   -17.494  2.00000
    19   -17.416  2.00000
    20   -17.386  2.00000
    21   -17.324  2.00000
    22   -17.218  2.00000
    23   -17.191  2.00000
    24   -17.125  2.00000
    25   -12.987  2.00000
    26   -12.836  2.00000
    27   -12.623  2.00000
    28   -12.511  2.00000
    29    -9.257  2.00000
    30    -9.210  2.00000
    31    -9.195  2.00000
    32    -9.091  2.00000
    33    -9.029  2.00000
    34    -8.944  2.00000
    35    -8.909  2.00000
    36    -8.865  2.00000
    37    -8.824  2.00000
    38    -8.729  2.00000
    39    -8.704  2.00000
    40    -8.680  2.00000
    41    -8.654  2.00000
    42    -8.588  2.00000
    43    -8.555  2.00000
    44    -8.500  2.00000
    45    -8.457  2.00000
    46    -8.407  2.00000
    47    -8.387  2.00000
    48    -8.361  2.00000
    49    -8.331  2.00000
    50    -8.292  2.00000
    51    -8.283  2.00000
    52    -8.229  2.00000
    53    -8.178  2.00000
    54    -8.139  2.00000
    55    -8.111  2.00000
    56    -8.058  2.00000
    57    -8.038  2.00000
    58    -8.002  2.00000
    59    -7.958  2.00000
    60    -7.903  2.00000
    61    -7.859  2.00000
    62    -7.828  2.00000
    63    -7.788  2.00000
    64    -7.712  2.00000
    65    -6.899  2.00000
    66    -6.863  2.00000
    67    -6.799  2.00000
    68    -6.707  2.00000
    69    -6.651  2.00000
    70    -6.514  2.00000
    71    -6.485  2.00000
    72    -6.443  2.00000
    73    -6.378  2.00000
    74    -6.316  2.00000
    75    -6.262  2.00000
    76    -6.159  2.00000
    77    -6.119  2.00000
    78    -6.098  2.00000
    79    -6.030  2.00000
    80    -5.990  2.00000
    81    -5.960  2.00000
    82    -5.884  2.00000
    83    -5.850  2.00000
    84    -5.797  2.00000
    85    -5.766  2.00000
    86    -5.748  2.00000
    87    -5.632  2.00000
    88    -5.590  2.00000
    89    -5.546  2.00000
    90    -5.454  2.00000
    91    -5.398  2.00000
    92    -5.364  2.00000
    93    -5.243  2.00000
    94    -5.217  2.00000
    95    -5.111  2.00000
    96    -4.958  2.00000
    97    -2.587  0.00000
    98    -2.425  0.00000
    99    -2.029  0.00000
   100    -2.003  0.00000
   101    -1.859  0.00000
   102    -1.756  0.00000
   103    -1.677  0.00000
   104    -1.600  0.00000
   105    -1.483  0.00000
   106    -1.373  0.00000
   107    -1.289  0.00000
   108    -1.214  0.00000
   109    -1.168  0.00000
   110    -1.127  0.00000
   111    -1.055  0.00000
   112    -1.016  0.00000
   113    -0.926  0.00000
   114    -0.892  0.00000
   115    -0.869  0.00000
   116    -0.798  0.00000
   117    -0.726  0.00000
   118    -0.602  0.00000
   119    -0.559  0.00000
   120    -0.492  0.00000
   121    -0.439  0.00000
   122    -0.378  0.00000
   123    -0.348  0.00000
   124    -0.321  0.00000
   125    -0.228  0.00000
   126    -0.157  0.00000
   127    -0.107  0.00000
   128    -0.055  0.00000
   129     0.003  0.00000
   130     0.074  0.00000
   131     0.087  0.00000
   132     0.193  0.00000
   133     0.210  0.00000
   134     0.313  0.00000
   135     0.337  0.00000
   136     0.431  0.00000
   137     0.464  0.00000
   138     0.517  0.00000
   139     0.559  0.00000
   140     0.602  0.00000
   141     0.621  0.00000
   142     0.647  0.00000
   143     0.690  0.00000
   144     0.723  0.00000
   145     0.761  0.00000
   146     0.814  0.00000
   147     0.844  0.00000
   148     0.862  0.00000
   149     0.885  0.00000
   150     0.903  0.00000
   151     0.962  0.00000
   152     0.993  0.00000
   153     1.018  0.00000
   154     1.037  0.00000
   155     1.102  0.00000
   156     1.115  0.00000
   157     1.161  0.00000
   158     1.180  0.00000
   159     1.213  0.00000
   160     1.233  0.00000
   161     1.297  0.00000
   162     1.336  0.00000
   163     1.408  0.00000
   164     1.426  0.00000
   165     1.485  0.00000
   166     1.496  0.00000
   167     1.533  0.00000
   168     1.556  0.00000
   169     1.601  0.00000
   170     1.637  0.00000
   171     1.668  0.00000
   172     1.693  0.00000
   173     1.736  0.00000
   174     1.769  0.00000
   175     1.791  0.00000
   176     1.838  0.00000
   177     1.873  0.00000
   178     1.920  0.00000
   179     1.947  0.00000
   180     2.011  0.00000
   181     2.047  0.00000
   182     2.081  0.00000
   183     2.129  0.00000
   184     2.177  0.00000
   185     2.213  0.00000
   186     2.255  0.00000
   187     2.274  0.00000
   188     2.299  0.00000
   189     2.341  0.00000
   190     2.364  0.00000
   191     2.403  0.00000
   192     2.458  0.00000
   193     2.478  0.00000
   194     2.520  0.00000
   195     2.546  0.00000
   196     2.577  0.00000
   197     2.583  0.00000
   198     2.610  0.00000
   199     2.637  0.00000
   200     2.687  0.00000
   201     2.716  0.00000
   202     2.733  0.00000
   203     2.745  0.00000
   204     2.770  0.00000
   205     2.801  0.00000
   206     2.833  0.00000
   207     2.847  0.00000
   208     2.884  0.00000
   209     2.919  0.00000
   210     2.933  0.00000
   211     2.969  0.00000
   212     2.991  0.00000
   213     3.005  0.00000
   214     3.035  0.00000
   215     3.070  0.00000
   216     3.099  0.00000
   217     3.129  0.00000
   218     3.175  0.00000
   219     3.192  0.00000
   220     3.221  0.00000
   221     3.250  0.00000
   222     3.275  0.00000
   223     3.332  0.00000
   224     3.380  0.00000
   225     3.434  0.00000
   226     3.474  0.00000
   227     3.515  0.00000
   228     3.568  0.00000
   229     3.620  0.00000
   230     3.705  0.00000
   231     3.807  0.00000
   232     3.889  0.00000
   233     3.982  0.00000
   234     4.013  0.00000
   235     4.070  0.00000
   236     4.123  0.00000
   237     4.175  0.00000
   238     4.244  0.00000
   239     4.300  0.00000
   240     4.341  0.00000
   241     4.409  0.00000
   242     4.488  0.00000
   243     4.529  0.00000
   244     4.551  0.00000
   245     4.611  0.00000
   246     4.699  0.00000
   247     4.741  0.00000
   248     4.847  0.00000
   249     4.880  0.00000
   250     4.936  0.00000
   251     4.954  0.00000
   252     5.066  0.00000
   253     5.111  0.00000
   254     5.146  0.00000
   255     5.186  0.00000
   256     5.281  0.00000
   257     5.307  0.00000
   258     5.389  0.00000
   259     5.428  0.00000
   260     5.475  0.00000
   261     5.534  0.00000
   262     5.567  0.00000
   263     5.597  0.00000
   264     5.636  0.00000
   265     5.703  0.00000
   266     5.748  0.00000
   267     5.806  0.00000
   268     5.872  0.00000
   269     5.913  0.00000
   270     6.000  0.00000
   271     6.068  0.00000
   272     6.134  0.00000
   273     6.159  0.00000
   274     6.247  0.00000
   275     6.322  0.00000
   276     6.350  0.00000
   277     6.436  0.00000
   278     6.496  0.00000
   279     6.547  0.00000
   280     6.621  0.00000
   281     6.745  0.00000
   282     6.848  0.00000
   283     6.918  0.00000
   284     6.987  0.00000
   285     7.125  0.00000
   286     7.182  0.00000
   287     7.321  0.00000
   288     7.416  0.00000
   289     7.552  0.00000
   290     7.803  0.00000
   291     7.914  0.00000
   292     7.988  0.00000
   293     8.132  0.00000
   294     8.289  0.00000
   295     8.568  0.00000
   296    11.849  0.00000
   297    11.954  0.00000
   298    12.205  0.00000
   299    12.366  0.00000
   300    12.419  0.00000
   301    12.478  0.00000
   302    12.693  0.00000
   303    12.762  0.00000
   304    13.037  0.00000
   305    13.085  0.00000
   306    13.372  0.00000
   307    13.559  0.00000
   308    17.138  0.00000
   309    17.842  0.00000
   310    18.480  0.00000
   311    18.753  0.00000
   312    21.201  0.00000
   313    30.762  0.00000
   314    30.950  0.00000
   315    31.192  0.00000
   316    31.621  0.00000
   317    31.718  0.00000
   318    31.846  0.00000
   319    32.195  0.00000
   320    32.412  0.00000
   321    44.185  0.00000
   322    44.399  0.00000
   323    44.735  0.00000
   324    44.905  0.00000
   325    45.063  0.00000
   326    45.706  0.00000
   327    45.998  0.00000
   328    46.464  0.00000
   329    46.627  0.00000
   330    47.002  0.00000
   331    47.502  0.00000
   332    49.033  0.00000

